

INTERNAL ERROR:  !dbobji.cpp@7227: eNotOpenForWrite

06/28/2012 at 11:08:59.884  Drawing: Drawing1.dwg
-------------


INTERNAL ERROR:  !dbobji.cpp@7227: eNotOpenForWrite

07/03/2012 at 11:06:41.456  Drawing: Drawing1.dwg
-------------


INTERNAL ERROR:  !dbobji.cpp@7227: eNotOpenForWrite

07/03/2012 at 11:10:08.142  Drawing: Drawing1.dwg
-------------


INTERNAL ERROR:  !dbobji.cpp@7227: eNotOpenForWrite

07/03/2012 at 11:21:21.096  Drawing: Drawing1.dwg
-------------


INTERNAL ERROR:  !dbobji.cpp@7227: eNotOpenForWrite

07/03/2012 at 11:22:52.759  Drawing: Drawing1.dwg
-------------


FATAL ERROR:  Unhandled Access Violation Reading 0x0040 Exception at 1e74b1c0h

07/11/2012 at 11:46:32.684  Drawing: Drawing1.dwg
-------------


INTERNAL ERROR:  !dbobji.cpp@8615: eNotOpenForWrite

03/29/2016 at 13:44:06.673  Drawing: C:\Users\israelc\Desktop\Drawing1.dwg
-------------


INTERNAL ERROR:  !dbobji.cpp@8615: eNotOpenForWrite

03/29/2016 at 13:45:02.447  Drawing: C:\Users\israelc\Desktop\Drawing1.dwg
-------------
